#
# A fatal error has been detected by the Java Runtime Environment:
#
#  EXCEPTION_ACCESS_VIOLATION (0xc0000005) at pc=0x00007ffb4d1e6f56, pid=25992, tid=0x000000000000656c
#
# JRE version: Java(TM) SE Runtime Environment (8.0_211-b12) (build 1.8.0_211-b12)
# Java VM: Java HotSpot(TM) 64-Bit Server VM (25.211-b12 mixed mode windows-amd64 compressed oops)
# Problematic frame:
# C  [igxelpicd64.dll+0x1e6f56]
#
# Failed to write core dump. Minidumps are not enabled by default on client versions of Windows
#
# If you would like to submit a bug report, please visit:
#   http://bugreport.java.com/bugreport/crash.jsp
#

---------------  T H R E A D  ---------------

Current thread (0x000000001e4d5800):  VMThread [stack: 0x000000001fb70000,0x000000001fc70000] [id=25964]

siginfo: ExceptionCode=0xc0000005, reading address 0x0000000000035458

Registers:
RAX=0x0000000035308160, RBX=0x0000000000be9bd0, RCX=0x0000000000000002, RDX=0x0000000000018f83
RSP=0x000000001fc6e4e0, RBP=0x0000000000000000, RSI=0x0000000035307fe0, RDI=0x000000002aa62d60
R8 =0x00000000353080e0, R9 =0x0000000000000000, R10=0x0000000000000000, R11=0x0000000000000246
R12=0x0000000035307fe0, R13=0x0000000000000000, R14=0x000000003caafee0, R15=0x0000000035308528
RIP=0x00007ffb4d1e6f56, EFLAGS=0x0000000000010206

Top of Stack: (sp=0x000000001fc6e4e0)
0x000000001fc6e4e0:   0000000000be9bd0 2ae4021992e30056
0x000000001fc6e4f0:   69e4012740e4005e 3ee601274ce500c9
0x000000001fc6e500:   000000166c000000 0000000000000000
0x000000001fc6e510:   e0e800fa9ee800fd b4eb010a8ce90195
0x000000001fc6e520:   0000000000be9bd0 79ef023b48ef0235
0x000000001fc6e530:   e0f000a551f0008b f5f1005f7df100b6
0x000000001fc6e540:   b4f20060fcf10146 28f300db08f300fa
0x000000001fc6e550:   3df4012864f30121 48f5013eccf40077
0x000000001fc6e560:   57f5010d50f500b1 30f60175fbf5012a
0x000000001fc6e570:   12f700d0d5f6008e daf7006fd3f7005e
0x000000001fc6e580:   e8f7022edff701ad eef7006aedf70191
0x000000001fc6e590:   77f9005521f90145 08fb0194bbf9008c
0x000000001fc6e5a0:   7ffc01473afc0106 dffd00d9b0fd01ef
0x000000001fc6e5b0:   5cff020034ff01e5 000000030002015e
0x000000001fc6e5c0:   011b0683012be830 0000000000000000
0x000000001fc6e5d0:   0000000000000000 0000000000000000 

Instructions: (pc=0x00007ffb4d1e6f56)
0x00007ffb4d1e6f36:   00 83 f9 10 0f 83 3a 01 00 00 8b c1 48 c1 e0 06
0x00007ffb4d1e6f46:   49 03 c0 48 85 c0 0f 84 9b 01 00 00 48 8b 50 08
0x00007ffb4d1e6f56:   48 3b 95 58 54 03 00 0f 87 c7 0e 00 00 48 83 be
0x00007ffb4d1e6f66:   a0 05 00 00 00 0f 85 5c c4 78 00 44 8b 8f d0 01 


Register to memory mapping:

RAX=0x0000000035308160 is an unknown value
RBX=0x0000000000be9bd0 is an unknown value
RCX=0x0000000000000002 is an unknown value
RDX=0x0000000000018f83 is an unknown value
RSP=0x000000001fc6e4e0 is an unknown value
RBP=0x0000000000000000 is an unknown value
RSI=0x0000000035307fe0 is an unknown value
RDI=0x000000002aa62d60 is an unknown value
R8 =0x00000000353080e0 is an unknown value
R9 =0x0000000000000000 is an unknown value
R10=0x0000000000000000 is an unknown value
R11=0x0000000000000246 is an unknown value
R12=0x0000000035307fe0 is an unknown value
R13=0x0000000000000000 is an unknown value
R14=0x000000003caafee0 is an unknown value
R15=0x0000000035308528 is an unknown value


Stack: [0x000000001fb70000,0x000000001fc70000],  sp=0x000000001fc6e4e0,  free space=1017k
Native frames: (J=compiled Java code, j=interpreted, Vv=VM code, C=native code)

VM_Operation (0x0000000034c2ed60): Exit, mode: safepoint, requested by thread 0x000000001e68e800


---------------  P R O C E S S  ---------------

Java Threads: ( => current thread )
  0x000000002256d000 JavaThread "AWT-Shutdown" [_thread_blocked, id=20696, stack(0x0000000047f80000,0x0000000048080000)]
  0x000000002256a000 JavaThread "Image Fetcher 1" daemon [_thread_blocked, id=26568, stack(0x0000000021a10000,0x0000000021b10000)]
  0x0000000022568800 JavaThread "Image Fetcher 0" daemon [_thread_blocked, id=26192, stack(0x000000002e4a0000,0x000000002e5a0000)]
  0x000000001e68e800 JavaThread "main-FPSAWTAnimator#00-Timer0-FPSAWTAnimator#00-Timer1" [_thread_blocked, id=26244, stack(0x0000000034b30000,0x0000000034c30000)]
  0x0000000002a9e000 JavaThread "DestroyJavaVM" [_thread_blocked, id=26004, stack(0x0000000002aa0000,0x0000000002ba0000)]
  0x0000000022554000 JavaThread "HighResTimerThread" daemon [_thread_blocked, id=26180, stack(0x000000002e2a0000,0x000000002e3a0000)]
  0x000000002235a800 JavaThread "Keep-Alive-Timer" daemon [_thread_blocked, id=26228, stack(0x0000000023670000,0x0000000023770000)]
  0x00000000212af800 JavaThread "Java2D Disposer" daemon [_thread_blocked, id=8928, stack(0x0000000021910000,0x0000000021a10000)]
  0x000000001e5eb000 JavaThread "Service Thread" daemon [_thread_blocked, id=26080, stack(0x0000000020da0000,0x0000000020ea0000)]
  0x000000001e52a800 JavaThread "C1 CompilerThread11" daemon [_thread_blocked, id=26032, stack(0x0000000020ca0000,0x0000000020da0000)]
  0x000000001e52c000 JavaThread "C1 CompilerThread10" daemon [_thread_blocked, id=26048, stack(0x0000000020ba0000,0x0000000020ca0000)]
  0x000000001e529000 JavaThread "C1 CompilerThread9" daemon [_thread_blocked, id=25972, stack(0x0000000020aa0000,0x0000000020ba0000)]
  0x000000001e527800 JavaThread "C1 CompilerThread8" daemon [_thread_blocked, id=26036, stack(0x00000000209a0000,0x0000000020aa0000)]
  0x000000001e52d000 JavaThread "C2 CompilerThread7" daemon [_thread_blocked, id=26028, stack(0x00000000208a0000,0x00000000209a0000)]
  0x000000001e529800 JavaThread "C2 CompilerThread6" daemon [_thread_blocked, id=26084, stack(0x00000000207a0000,0x00000000208a0000)]
  0x000000001e52e800 JavaThread "C2 CompilerThread5" daemon [_thread_blocked, id=26056, stack(0x00000000206a0000,0x00000000207a0000)]
  0x000000001e528000 JavaThread "C2 CompilerThread4" daemon [_thread_blocked, id=26064, stack(0x00000000205a0000,0x00000000206a0000)]
  0x000000001e52d800 JavaThread "C2 CompilerThread3" daemon [_thread_blocked, id=26068, stack(0x00000000204a0000,0x00000000205a0000)]
  0x000000001e51b000 JavaThread "C2 CompilerThread2" daemon [_thread_blocked, id=25976, stack(0x00000000203a0000,0x00000000204a0000)]
  0x000000001e518800 JavaThread "C2 CompilerThread1" daemon [_thread_blocked, id=26040, stack(0x00000000202a0000,0x00000000203a0000)]
  0x000000001ca6e800 JavaThread "C2 CompilerThread0" daemon [_thread_blocked, id=26104, stack(0x00000000201a0000,0x00000000202a0000)]
  0x000000001ca6d000 JavaThread "Attach Listener" daemon [_thread_blocked, id=26108, stack(0x00000000200a0000,0x00000000201a0000)]
  0x000000001e50d800 JavaThread "Signal Dispatcher" daemon [_thread_blocked, id=26112, stack(0x000000001ffa0000,0x00000000200a0000)]
  0x000000001ca63000 JavaThread "Finalizer" daemon [_thread_blocked, id=25960, stack(0x000000001fd70000,0x000000001fe70000)]
  0x000000001e4f6000 JavaThread "Reference Handler" daemon [_thread_blocked, id=26020, stack(0x000000001fc70000,0x000000001fd70000)]

Other Threads:
=>0x000000001e4d5800 VMThread [stack: 0x000000001fb70000,0x000000001fc70000] [id=25964]

VM state:at safepoint (shutting down)

VM Mutex/Monitor currently owned by a thread:  ([mutex/lock_event])
[0x0000000002a9da50] Threads_lock - owner thread: 0x000000001e4d5800

heap address: 0x00000006c4000000, size: 4032 MB, Compressed Oops mode: Zero based, Oop shift amount: 3
Narrow klass base: 0x0000000000000000, Narrow klass shift: 3
Compressed class space size: 1073741824 Address: 0x00000007c0000000

Heap:
 PSYoungGen      total 139776K, used 125047K [0x000000076c000000, 0x000000077d100000, 0x00000007c0000000)
  eden space 129024K, 96% used [0x000000076c000000,0x0000000773a1dca8,0x0000000773e00000)
  from space 10752K, 0% used [0x0000000773e00000,0x0000000773e00000,0x0000000774880000)
  to   space 10752K, 0% used [0x000000077c680000,0x000000077c680000,0x000000077d100000)
 ParOldGen       total 241664K, used 77010K [0x00000006c4000000, 0x00000006d2c00000, 0x000000076c000000)
  object space 241664K, 31% used [0x00000006c4000000,0x00000006c8b348c0,0x00000006d2c00000)
 Metaspace       used 27491K, capacity 27753K, committed 28160K, reserved 1075200K
  class space    used 2737K, capacity 2811K, committed 2816K, reserved 1048576K

Card table byte_map: [0x0000000012060000,0x0000000012850000] byte_map_base: 0x000000000ea40000

Marking Bits: (ParMarkBitMap*) 0x0000000067935ce0
 Begin Bits: [0x0000000013a90000, 0x0000000017990000)
 End Bits:   [0x0000000017990000, 0x000000001b890000)

Polling page: 0x0000000001060000

CodeCache: size=245760Kb used=11604Kb max_used=11614Kb free=234155Kb
 bounds [0x0000000002ca0000, 0x0000000003810000, 0x0000000011ca0000]
 total_blobs=3791 nmethods=2805 adapters=895
 compilation: enabled

Compilation events (10 events):
Event: 7.216 Thread 0x000000001e528000 2801       4       java.util.regex.Pattern$SliceI::match (96 bytes)
Event: 7.217 Thread 0x000000001e518800 2802       4       java.util.regex.ASCII::toLower (16 bytes)
Event: 7.217 Thread 0x000000001e518800 nmethod 2802 0x000000000379f9d0 code [0x000000000379fb00, 0x000000000379fb58]
Event: 7.217 Thread 0x000000001e52a800 2803       3       sun.security.ssl.OutputRecord::availableDataBytes (15 bytes)
Event: 7.217 Thread 0x000000001e52a800 nmethod 2803 0x00000000037da990 code [0x00000000037daae0, 0x00000000037dac50]
Event: 7.222 Thread 0x000000001e528000 nmethod 2801 0x00000000037fcbd0 code [0x00000000037fcd60, 0x00000000037fd478]
Event: 7.227 Thread 0x000000001e529000 2804       3       sun.security.ssl.CipherBox::isNullCipher (13 bytes)
Event: 7.227 Thread 0x000000001e529000 nmethod 2804 0x00000000037fc850 code [0x00000000037fc9a0, 0x00000000037fcb50]
Event: 7.353 Thread 0x000000001e52c000 2805       3       sun.net.www.MessageHeader::grow (92 bytes)
Event: 7.354 Thread 0x000000001e52c000 nmethod 2805 0x00000000037fc050 code [0x00000000037fc1e0, 0x00000000037fc738]

GC Heap History (8 events):
Event: 0.186 GC heap before
{Heap before GC invocations=1 (full 0):
 PSYoungGen      total 75264K, used 51374K [0x000000076c000000, 0x0000000771400000, 0x00000007c0000000)
  eden space 64512K, 79% used [0x000000076c000000,0x000000076f22b8b8,0x000000076ff00000)
  from space 10752K, 0% used [0x0000000770980000,0x0000000770980000,0x0000000771400000)
  to   space 10752K, 0% used [0x000000076ff00000,0x000000076ff00000,0x0000000770980000)
 ParOldGen       total 172032K, used 0K [0x00000006c4000000, 0x00000006ce800000, 0x000000076c000000)
  object space 172032K, 0% used [0x00000006c4000000,0x00000006c4000000,0x00000006ce800000)
 Metaspace       used 7374K, capacity 7555K, committed 7808K, reserved 1056768K
  class space    used 709K, capacity 796K, committed 896K, reserved 1048576K
Event: 0.209 GC heap after
Heap after GC invocations=1 (full 0):
 PSYoungGen      total 75264K, used 10720K [0x000000076c000000, 0x0000000775300000, 0x00000007c0000000)
  eden space 64512K, 0% used [0x000000076c000000,0x000000076c000000,0x000000076ff00000)
  from space 10752K, 99% used [0x000000076ff00000,0x0000000770978010,0x0000000770980000)
  to   space 10752K, 0% used [0x0000000774880000,0x0000000774880000,0x0000000775300000)
 ParOldGen       total 172032K, used 28195K [0x00000006c4000000, 0x00000006ce800000, 0x000000076c000000)
  object space 172032K, 16% used [0x00000006c4000000,0x00000006c5b88dc8,0x00000006ce800000)
 Metaspace       used 7374K, capacity 7555K, committed 7808K, reserved 1056768K
  class space    used 709K, capacity 796K, committed 896K, reserved 1048576K
}
Event: 0.933 GC heap before
{Heap before GC invocations=2 (full 0):
 PSYoungGen      total 75264K, used 75232K [0x000000076c000000, 0x0000000775300000, 0x00000007c0000000)
  eden space 64512K, 100% used [0x000000076c000000,0x000000076ff00000,0x000000076ff00000)
  from space 10752K, 99% used [0x000000076ff00000,0x0000000770978010,0x0000000770980000)
  to   space 10752K, 0% used [0x0000000774880000,0x0000000774880000,0x0000000775300000)
 ParOldGen       total 172032K, used 28195K [0x00000006c4000000, 0x00000006ce800000, 0x000000076c000000)
  object space 172032K, 16% used [0x00000006c4000000,0x00000006c5b88dc8,0x00000006ce800000)
 Metaspace       used 16574K, capacity 16795K, committed 16896K, reserved 1064960K
  class space    used 1693K, capacity 1775K, committed 1792K, reserved 1048576K
Event: 0.949 GC heap after
Heap after GC invocations=2 (full 0):
 PSYoungGen      total 139776K, used 10727K [0x000000076c000000, 0x0000000775300000, 0x00000007c0000000)
  eden space 129024K, 0% used [0x000000076c000000,0x000000076c000000,0x0000000773e00000)
  from space 10752K, 99% used [0x0000000774880000,0x00000007752f9c90,0x0000000775300000)
  to   space 10752K, 0% used [0x0000000773e00000,0x0000000773e00000,0x0000000774880000)
 ParOldGen       total 172032K, used 67281K [0x00000006c4000000, 0x00000006ce800000, 0x000000076c000000)
  object space 172032K, 39% used [0x00000006c4000000,0x00000006c81b4528,0x00000006ce800000)
 Metaspace       used 16574K, capacity 16795K, committed 16896K, reserved 1064960K
  class space    used 1693K, capacity 1775K, committed 1792K, reserved 1048576K
}
Event: 1.405 GC heap before
{Heap before GC invocations=3 (full 0):
 PSYoungGen      total 139776K, used 43880K [0x000000076c000000, 0x0000000775300000, 0x00000007c0000000)
  eden space 129024K, 25% used [0x000000076c000000,0x000000076e0606a0,0x0000000773e00000)
  from space 10752K, 99% used [0x0000000774880000,0x00000007752f9c90,0x0000000775300000)
  to   space 10752K, 0% used [0x0000000773e00000,0x0000000773e00000,0x0000000774880000)
 ParOldGen       total 172032K, used 67281K [0x00000006c4000000, 0x00000006ce800000, 0x000000076c000000)
  object space 172032K, 39% used [0x00000006c4000000,0x00000006c81b4528,0x00000006ce800000)
 Metaspace       used 20834K, capacity 21035K, committed 21248K, reserved 1069056K
  class space    used 1945K, capacity 2032K, committed 2048K, reserved 1048576K
Event: 1.416 GC heap after
Heap after GC invocations=3 (full 0):
 PSYoungGen      total 139776K, used 10725K [0x000000076c000000, 0x000000077d100000, 0x00000007c0000000)
  eden space 129024K, 0% used [0x000000076c000000,0x000000076c000000,0x0000000773e00000)
  from space 10752K, 99% used [0x0000000773e00000,0x00000007748795c8,0x0000000774880000)
  to   space 10752K, 0% used [0x000000077c680000,0x000000077c680000,0x000000077d100000)
 ParOldGen       total 172032K, used 70498K [0x00000006c4000000, 0x00000006ce800000, 0x000000076c000000)
  object space 172032K, 40% used [0x00000006c4000000,0x00000006c84d8ac8,0x00000006ce800000)
 Metaspace       used 20834K, capacity 21035K, committed 21248K, reserved 1069056K
  class space    used 1945K, capacity 2032K, committed 2048K, reserved 1048576K
}
Event: 1.416 GC heap before
{Heap before GC invocations=4 (full 1):
 PSYoungGen      total 139776K, used 10725K [0x000000076c000000, 0x000000077d100000, 0x00000007c0000000)
  eden space 129024K, 0% used [0x000000076c000000,0x000000076c000000,0x0000000773e00000)
  from space 10752K, 99% used [0x0000000773e00000,0x00000007748795c8,0x0000000774880000)
  to   space 10752K, 0% used [0x000000077c680000,0x000000077c680000,0x000000077d100000)
 ParOldGen       total 172032K, used 70498K [0x00000006c4000000, 0x00000006ce800000, 0x000000076c000000)
  object space 172032K, 40% used [0x00000006c4000000,0x00000006c84d8ac8,0x00000006ce800000)
 Metaspace       used 20834K, capacity 21035K, committed 21248K, reserved 1069056K
  class space    used 1945K, capacity 2032K, committed 2048K, reserved 1048576K
Event: 1.735 GC heap after
Heap after GC invocations=4 (full 1):
 PSYoungGen      total 139776K, used 0K [0x000000076c000000, 0x000000077d100000, 0x00000007c0000000)
  eden space 129024K, 0% used [0x000000076c000000,0x000000076c000000,0x0000000773e00000)
  from space 10752K, 0% used [0x0000000773e00000,0x0000000773e00000,0x0000000774880000)
  to   space 10752K, 0% used [0x000000077c680000,0x000000077c680000,0x000000077d100000)
 ParOldGen       total 241664K, used 77010K [0x00000006c4000000, 0x00000006d2c00000, 0x000000076c000000)
  object space 241664K, 31% used [0x00000006c4000000,0x00000006c8b348c0,0x00000006d2c00000)
 Metaspace       used 20834K, capacity 21035K, committed 21248K, reserved 1069056K
  class space    used 1945K, capacity 2032K, committed 2048K, reserved 1048576K
}

Deoptimization events (10 events):
Event: 3.679 Thread 0x000000001e68e800 Uncommon trap: reason=class_check action=maybe_recompile pc=0x000000000355401c method=java.util.regex.Pattern$BmpCharProperty.match(Ljava/util/regex/Matcher;ILjava/lang/CharSequence;)Z @ 11
Event: 3.679 Thread 0x000000001e68e800 Uncommon trap: reason=class_check action=maybe_recompile pc=0x000000000355401c method=java.util.regex.Pattern$BmpCharProperty.match(Ljava/util/regex/Matcher;ILjava/lang/CharSequence;)Z @ 11
Event: 3.679 Thread 0x000000001e68e800 Uncommon trap: reason=class_check action=maybe_recompile pc=0x000000000355401c method=java.util.regex.Pattern$BmpCharProperty.match(Ljava/util/regex/Matcher;ILjava/lang/CharSequence;)Z @ 11
Event: 5.220 Thread 0x0000000022568800 Uncommon trap: reason=predicate action=maybe_recompile pc=0x000000000368b324 method=sun.awt.image.PNGImageDecoder.produceImage()V @ 960
Event: 5.452 Thread 0x000000001e68e800 Uncommon trap: reason=unstable_if action=reinterpret pc=0x0000000003776398 method=VoxEdit$UIObject.getTopmostTooltip()Ljava/lang/String; @ 29
Event: 5.452 Thread 0x000000001e68e800 Uncommon trap: reason=unstable_if action=reinterpret pc=0x0000000003776520 method=VoxEdit$UIObject.getTopmostTooltip()Ljava/lang/String; @ 77
Event: 5.452 Thread 0x000000001e68e800 Uncommon trap: reason=unstable_if action=reinterpret pc=0x0000000003776520 method=VoxEdit$UIObject.getTopmostTooltip()Ljava/lang/String; @ 77
Event: 5.453 Thread 0x000000001e68e800 Uncommon trap: reason=unstable_if action=reinterpret pc=0x0000000003779d54 method=VoxEdit$UIObject.visitRecursive()V @ 22
Event: 6.102 Thread 0x000000001e68e800 Uncommon trap: reason=unstable_if action=reinterpret pc=0x0000000003495fa4 method=com.jogamp.common.util.IntIntHashMap.get(I)I @ 19
Event: 7.205 Thread 0x000000001e68e800 Uncommon trap: reason=unstable_if action=reinterpret pc=0x000000000364b7b0 method=com.jogamp.common.nio.Buffers.getDirectBufferByteOffset(Ljava/lang/Object;)I @ 25

Classes redefined (0 events):
No events

Internal exceptions (10 events):
Event: 3.996 Thread 0x000000001e68e800 Exception <a 'java/io/IOException'> (0x0000000772b37478) thrown at [C:\re\workspace\8-2-build-windows-amd64-cygwin\jdk8u211\12973\hotspot\src\share\vm\prims\jni.cpp, line 710]
Event: 3.996 Thread 0x000000001e68e800 Exception <a 'java/io/IOException'> (0x0000000772b376f8) thrown at [C:\re\workspace\8-2-build-windows-amd64-cygwin\jdk8u211\12973\hotspot\src\share\vm\prims\jni.cpp, line 710]
Event: 5.220 Thread 0x0000000022568800 Implicit null exception at 0x0000000003686c0c to 0x000000000368b2e5
Event: 6.102 Thread 0x000000001e68e800 Implicit null exception at 0x0000000003495f2a to 0x0000000003495f8d
Event: 7.207 Thread 0x000000001e68e800 Exception <a 'java/io/IOException'> (0x000000077337f960) thrown at [C:\re\workspace\8-2-build-windows-amd64-cygwin\jdk8u211\12973\hotspot\src\share\vm\prims\jni.cpp, line 710]
Event: 7.207 Thread 0x000000001e68e800 Exception <a 'java/io/IOException'> (0x000000077337fdc8) thrown at [C:\re\workspace\8-2-build-windows-amd64-cygwin\jdk8u211\12973\hotspot\src\share\vm\prims\jni.cpp, line 710]
Event: 7.207 Thread 0x000000001e68e800 Exception <a 'java/io/IOException'> (0x00000007733806f0) thrown at [C:\re\workspace\8-2-build-windows-amd64-cygwin\jdk8u211\12973\hotspot\src\share\vm\prims\jni.cpp, line 710]
Event: 7.207 Thread 0x000000001e68e800 Exception <a 'java/io/IOException'> (0x0000000773380b88) thrown at [C:\re\workspace\8-2-build-windows-amd64-cygwin\jdk8u211\12973\hotspot\src\share\vm\prims\jni.cpp, line 710]
Event: 7.207 Thread 0x000000001e68e800 Exception <a 'java/io/IOException'> (0x0000000773380ff0) thrown at [C:\re\workspace\8-2-build-windows-amd64-cygwin\jdk8u211\12973\hotspot\src\share\vm\prims\jni.cpp, line 710]
Event: 7.354 Thread 0x0000000022555000 Exception <a 'java/lang/InterruptedException'> (0x00000007734924e8) thrown at [C:\re\workspace\8-2-build-windows-amd64-cygwin\jdk8u211\12973\hotspot\src\share\vm\runtime\objectMonitor.cpp, line 1684]

Events (10 events):
Event: 7.390 loading class com/jogamp/nativewindow/egl/EGLGraphicsDevice done
Event: 7.391 loading class jogamp/opengl/egl/EGLDisplayUtil
Event: 7.391 loading class jogamp/opengl/egl/EGLDisplayUtil done
Event: 7.391 loading class com/jogamp/nativewindow/egl/EGLGraphicsDevice$EGLDisplayLifecycleCallback
Event: 7.391 loading class com/jogamp/nativewindow/egl/EGLGraphicsDevice$EGLDisplayLifecycleCallback done
Event: 7.391 loading class jogamp/opengl/egl/EGLDisplayUtil$1
Event: 7.391 loading class jogamp/opengl/egl/EGLDisplayUtil$1 done
Event: 7.392 Thread 0x0000000022565000 Thread exited: 0x0000000022565000
Event: 7.466 Thread 0x000000002256b000 Thread exited: 0x000000002256b000
Event: 7.466 Executing VM operation: Exit


Dynamic libraries:
0x00007ff7b3e50000 - 0x00007ff7b3e87000 	C:\Users\David\Documents\GitHub\SOFT\VoxEdit_WIN_latest\java\bin\javaw.exe
0x00007ffc18190000 - 0x00007ffc18385000 	C:\WINDOWS\SYSTEM32\ntdll.dll
0x00007ffc17040000 - 0x00007ffc170fe000 	C:\WINDOWS\System32\KERNEL32.DLL
0x00007ffc15a40000 - 0x00007ffc15d08000 	C:\WINDOWS\System32\KERNELBASE.dll
0x00007ffc179f0000 - 0x00007ffc17a9e000 	C:\WINDOWS\System32\ADVAPI32.dll
0x00007ffc16e60000 - 0x00007ffc16efe000 	C:\WINDOWS\System32\msvcrt.dll
0x00007ffc17b00000 - 0x00007ffc17b9c000 	C:\WINDOWS\System32\sechost.dll
0x00007ffc161f0000 - 0x00007ffc16315000 	C:\WINDOWS\System32\RPCRT4.dll
0x00007ffc16830000 - 0x00007ffc169d0000 	C:\WINDOWS\System32\USER32.dll
0x00007ffc160c0000 - 0x00007ffc160e2000 	C:\WINDOWS\System32\win32u.dll
0x00007ffc16390000 - 0x00007ffc163ba000 	C:\WINDOWS\System32\GDI32.dll
0x00007ffc15da0000 - 0x00007ffc15eab000 	C:\WINDOWS\System32\gdi32full.dll
0x00007ffc16020000 - 0x00007ffc160bd000 	C:\WINDOWS\System32\msvcp_win.dll
0x00007ffc15f20000 - 0x00007ffc16020000 	C:\WINDOWS\System32\ucrtbase.dll
0x00007ffbf3920000 - 0x00007ffbf3bba000 	C:\WINDOWS\WinSxS\amd64_microsoft.windows.common-controls_6595b64144ccf1df_6.0.19041.1110_none_60b5254171f9507e\COMCTL32.dll
0x00007ffc17d50000 - 0x00007ffc17d80000 	C:\WINDOWS\System32\IMM32.DLL
0x00000000679c0000 - 0x0000000067a92000 	C:\Users\David\Documents\GitHub\SOFT\VoxEdit_WIN_latest\java\bin\msvcr100.dll
0x0000000067110000 - 0x00000000679b5000 	C:\Users\David\Documents\GitHub\SOFT\VoxEdit_WIN_latest\java\bin\server\jvm.dll
0x00007ffc16320000 - 0x00007ffc16328000 	C:\WINDOWS\System32\PSAPI.DLL
0x00007ffbeee30000 - 0x00007ffbeee39000 	C:\WINDOWS\SYSTEM32\WSOCK32.dll
0x00007ffc095a0000 - 0x00007ffc095aa000 	C:\WINDOWS\SYSTEM32\VERSION.dll
0x00007ffc09710000 - 0x00007ffc09737000 	C:\WINDOWS\SYSTEM32\WINMM.dll
0x00007ffc16a80000 - 0x00007ffc16aeb000 	C:\WINDOWS\System32\WS2_32.dll
0x00007ffc0d810000 - 0x00007ffc0d81f000 	C:\Users\David\Documents\GitHub\SOFT\VoxEdit_WIN_latest\java\bin\verify.dll
0x00007ffbe7ce0000 - 0x00007ffbe7d09000 	C:\Users\David\Documents\GitHub\SOFT\VoxEdit_WIN_latest\java\bin\java.dll
0x00007ffc0aeb0000 - 0x00007ffc0aec6000 	C:\Users\David\Documents\GitHub\SOFT\VoxEdit_WIN_latest\java\bin\zip.dll
0x00007ffc172a0000 - 0x00007ffc179e4000 	C:\WINDOWS\System32\SHELL32.dll
0x00007ffc13700000 - 0x00007ffc13e94000 	C:\WINDOWS\SYSTEM32\windows.storage.dll
0x00007ffc16af0000 - 0x00007ffc16e44000 	C:\WINDOWS\System32\combase.dll
0x00007ffc15320000 - 0x00007ffc1534c000 	C:\WINDOWS\SYSTEM32\Wldp.dll
0x00007ffc17e50000 - 0x00007ffc17efd000 	C:\WINDOWS\System32\SHCORE.dll
0x00007ffc16f00000 - 0x00007ffc16f55000 	C:\WINDOWS\System32\shlwapi.dll
0x00007ffc157f0000 - 0x00007ffc1580f000 	C:\WINDOWS\SYSTEM32\profapi.dll
0x00007ffb68730000 - 0x00007ffb688c9000 	C:\Users\David\Documents\GitHub\SOFT\VoxEdit_WIN_latest\java\bin\awt.dll
0x00007ffc17d80000 - 0x00007ffc17e4d000 	C:\WINDOWS\System32\OLEAUT32.dll
0x00007ffc0f1e0000 - 0x00007ffc0f270000 	C:\WINDOWS\SYSTEM32\apphelp.dll
0x00007ffc0f320000 - 0x00007ffc0f3be000 	C:\WINDOWS\system32\uxtheme.dll
0x00007ffc17c30000 - 0x00007ffc17d45000 	C:\WINDOWS\System32\MSCTF.dll
0x00007ffc17170000 - 0x00007ffc1729a000 	C:\WINDOWS\System32\ole32.dll
0x00007ffc14160000 - 0x00007ffc14172000 	C:\WINDOWS\SYSTEM32\kernel.appcore.dll
0x00007ffc15d10000 - 0x00007ffc15d92000 	C:\WINDOWS\System32\bcryptPrimitives.dll
0x00007ffc13060000 - 0x00007ffc1308f000 	C:\WINDOWS\system32\DWMAPI.DLL
0x00007ffbcb4f0000 - 0x00007ffbcb616000 	C:\WINDOWS\system32\opengl32.dll
0x00007ffbd1250000 - 0x00007ffbd127c000 	C:\WINDOWS\SYSTEM32\GLU32.dll
0x00007ffbe7b10000 - 0x00007ffbe7b34000 	C:\Users\David\Documents\GitHub\SOFT\VoxEdit_WIN_latest\java\bin\sunec.dll
0x00007ffbe7af0000 - 0x00007ffbe7b0a000 	C:\Users\David\Documents\GitHub\SOFT\VoxEdit_WIN_latest\java\bin\net.dll
0x00007ffc06a20000 - 0x00007ffc06c0c000 	C:\WINDOWS\SYSTEM32\urlmon.dll
0x00007ffc06760000 - 0x00007ffc06a11000 	C:\WINDOWS\SYSTEM32\iertutil.dll
0x00007ffc06730000 - 0x00007ffc06758000 	C:\WINDOWS\SYSTEM32\srvcli.dll
0x00007ffc14e30000 - 0x00007ffc14e3c000 	C:\WINDOWS\SYSTEM32\netutils.dll
0x00007ffc15080000 - 0x00007ffc150ea000 	C:\WINDOWS\system32\mswsock.dll
0x00007ffc14d20000 - 0x00007ffc14d5b000 	C:\WINDOWS\SYSTEM32\IPHLPAPI.DLL
0x00007ffc17100000 - 0x00007ffc17108000 	C:\WINDOWS\System32\NSI.dll
0x00007ffc0a560000 - 0x00007ffc0a577000 	C:\WINDOWS\SYSTEM32\dhcpcsvc6.DLL
0x00007ffc0a440000 - 0x00007ffc0a45d000 	C:\WINDOWS\SYSTEM32\dhcpcsvc.DLL
0x00007ffc14d60000 - 0x00007ffc14e2b000 	C:\WINDOWS\SYSTEM32\DNSAPI.dll
0x00007ffbe7ad0000 - 0x00007ffbe7ae2000 	C:\Users\David\Documents\GitHub\SOFT\VoxEdit_WIN_latest\java\bin\nio.dll
0x00007ffc15270000 - 0x00007ffc15288000 	C:\WINDOWS\SYSTEM32\CRYPTSP.dll
0x00007ffc14990000 - 0x00007ffc149c4000 	C:\WINDOWS\system32\rsaenh.dll
0x00007ffc158b0000 - 0x00007ffc158d7000 	C:\WINDOWS\System32\bcrypt.dll
0x00007ffc15770000 - 0x00007ffc1579e000 	C:\WINDOWS\SYSTEM32\USERENV.dll
0x00007ffc15290000 - 0x00007ffc1529c000 	C:\WINDOWS\SYSTEM32\CRYPTBASE.dll
0x00007ffc0d450000 - 0x00007ffc0d45b000 	C:\Users\David\Documents\GitHub\SOFT\VoxEdit_WIN_latest\java\bin\sunmscapi.dll
0x00007ffc158e0000 - 0x00007ffc15a36000 	C:\WINDOWS\System32\CRYPT32.dll
0x00007ffc0a430000 - 0x00007ffc0a43a000 	C:\Windows\System32\rasadhlp.dll
0x00007ffc095e0000 - 0x00007ffc0965f000 	C:\WINDOWS\System32\fwpuclnt.dll
0x00000000637c0000 - 0x00000000637cd000 	C:\Users\David\AppData\Local\Temp\jogamp_0000\file_cache\jln4451847981605308487\jln5485595137348401701\natives\windows-amd64\gluegen-rt.dll
0x00007ffc0d400000 - 0x00007ffc0d407000 	C:\Users\David\Documents\GitHub\SOFT\VoxEdit_WIN_latest\java\bin\jawt.dll
0x000000006a440000 - 0x000000006a44d000 	C:\Users\David\AppData\Local\Temp\jogamp_0000\file_cache\jln4451847981605308487\jln5485595137348401701\natives\windows-amd64\nativewindow_awt.dll
0x000000006c100000 - 0x000000006c10f000 	C:\Users\David\AppData\Local\Temp\jogamp_0000\file_cache\jln4451847981605308487\jln5485595137348401701\natives\windows-amd64\nativewindow_win32.dll
0x000000006cbc0000 - 0x000000006cbd3000 	C:\Users\David\AppData\Local\Temp\jogamp_0000\file_cache\jln4451847981605308487\jln5485595137348401701\natives\windows-amd64\newt.dll
0x00007ffc0ba50000 - 0x00007ffc0bafe000 	C:\WINDOWS\SYSTEM32\mscms.dll
0x00007ffc0ba30000 - 0x00007ffc0ba41000 	C:\WINDOWS\SYSTEM32\ColorAdapterClient.dll
0x00007ffb9e180000 - 0x00007ffb9e1c3000 	C:\WINDOWS\SYSTEM32\icm32.dll
0x00007ffc163c0000 - 0x00007ffc1682a000 	C:\WINDOWS\System32\setupapi.dll
0x00007ffc161a0000 - 0x00007ffc161ee000 	C:\WINDOWS\System32\cfgmgr32.dll
0x00007ffc15680000 - 0x00007ffc156ac000 	C:\WINDOWS\SYSTEM32\DEVOBJ.dll
0x00007ffc15eb0000 - 0x00007ffc15f18000 	C:\WINDOWS\System32\WINTRUST.dll
0x00007ffc154a0000 - 0x00007ffc154b2000 	C:\WINDOWS\SYSTEM32\MSASN1.dll
0x0000000064500000 - 0x00000000645b1000 	C:\Users\David\AppData\Local\Temp\jogamp_0000\file_cache\jln4451847981605308487\jln5485595137348401701\natives\windows-amd64\jogl_desktop.dll
0x0000000064340000 - 0x00000000643a2000 	C:\Users\David\AppData\Local\Temp\jogamp_0000\file_cache\jln4451847981605308487\jln5485595137348401701\natives\windows-amd64\jogl_mobile.dll
0x00007ffc169d0000 - 0x00007ffc16a79000 	C:\WINDOWS\System32\clbcatq.dll
0x00007ffc0a460000 - 0x00007ffc0a557000 	C:\Windows\System32\AppXDeploymentClient.dll
0x00007ffb4d000000 - 0x00007ffb4dfc9000 	C:\WINDOWS\System32\DriverStore\FileRepository\iigd_dch.inf_amd64_8c6b4d5cdcee5c63\igxelpicd64.dll
0x00007ffc141d0000 - 0x00007ffc142c3000 	C:\WINDOWS\system32\dxgi.dll
0x00007ffb4cbc0000 - 0x00007ffb4cffc000 	C:\WINDOWS\System32\DriverStore\FileRepository\iigd_dch.inf_amd64_8c6b4d5cdcee5c63\igdml64.dll
0x00007ffc03990000 - 0x00007ffc03d48000 	C:\WINDOWS\System32\DriverStore\FileRepository\iigd_dch.inf_amd64_8c6b4d5cdcee5c63\igdgmm64.dll
0x00007ffc00be0000 - 0x00007ffc03988000 	C:\WINDOWS\System32\DriverStore\FileRepository\iigd_dch.inf_amd64_8c6b4d5cdcee5c63\igc64.dll
0x00007ffc14e40000 - 0x00007ffc14e8b000 	C:\WINDOWS\SYSTEM32\powrprof.dll
0x00007ffc14d00000 - 0x00007ffc14d12000 	C:\WINDOWS\SYSTEM32\UMPDC.dll
0x00007ffbcf680000 - 0x00007ffbcf779000 	C:\WINDOWS\SYSTEM32\textinputframework.dll
0x00007ffc0efb0000 - 0x00007ffc0f0a2000 	C:\WINDOWS\System32\CoreMessaging.dll
0x00007ffc0e8d0000 - 0x00007ffc0ec2e000 	C:\WINDOWS\System32\CoreUIComponents.dll
0x00007ffc145c0000 - 0x00007ffc145f3000 	C:\WINDOWS\SYSTEM32\ntmarta.dll
0x00007ffc0d8f0000 - 0x00007ffc0da44000 	C:\WINDOWS\SYSTEM32\wintypes.dll
0x00007ffbfbfe0000 - 0x00007ffbfc046000 	C:\WINDOWS\system32\Oleacc.dll
0x00007ffbe79e0000 - 0x00007ffbe7a29000 	C:\Users\David\Documents\GitHub\SOFT\VoxEdit_WIN_latest\java\bin\fontmanager.dll
0x00007ffbd0480000 - 0x00007ffbd04c2000 	C:\Users\David\Documents\GitHub\SOFT\VoxEdit_WIN_latest\java\bin\t2k.dll
0x00007ffc0d500000 - 0x00007ffc0d5f6000 	C:\WINDOWS\SYSTEM32\PROPSYS.dll
0x00007ffbdd700000 - 0x00007ffbdd71d000 	C:\Windows\System32\Windows.Shell.ServiceHostBuilder.dll
0x00007ffc09830000 - 0x00007ffc09fc9000 	C:\Windows\System32\OneCoreUAPCommonProxyStub.dll
0x00007ffbe8240000 - 0x00007ffbe8386000 	C:\Windows\System32\Windows.StateRepositoryPS.dll
0x00007ffbeedc0000 - 0x00007ffbeede4000 	C:\WINDOWS\SYSTEM32\edputil.dll
0x00007ffbfeed0000 - 0x00007ffbfeedc000 	C:\WINDOWS\SYSTEM32\Secur32.dll
0x00007ffc157a0000 - 0x00007ffc157d2000 	C:\WINDOWS\SYSTEM32\SSPICLI.DLL
0x00007ffbcab00000 - 0x00007ffbcab42000 	C:\WINDOWS\SYSTEM32\MLANG.dll
0x00007ffbfcaf0000 - 0x00007ffbfcfc6000 	C:\WINDOWS\SYSTEM32\WININET.dll
0x00007ffb4aba0000 - 0x00007ffb4abec000 	C:\Windows\System32\Windows.UI.AppDefaults.dll
0x00007ffc0ccf0000 - 0x00007ffc0cd90000 	C:\WINDOWS\SYSTEM32\policymanager.dll
0x00007ffc14a20000 - 0x00007ffc14aaa000 	C:\WINDOWS\SYSTEM32\msvcp110_win.dll
0x00007ffbd1550000 - 0x00007ffbd15cd000 	C:\Windows\System32\OneCoreCommonProxyStub.dll
0x00007ffc13510000 - 0x00007ffc136f4000 	C:\WINDOWS\SYSTEM32\dbghelp.dll

VM Arguments:
jvm_args: -Djna.nosys=true -Djava.ext.dirs=C:\Users\David\Documents\GitHub\SOFT\VoxEdit_WIN_latest\java\lib\ext -Djava.library.path=C:\Users\David\Documents\GitHub\SOFT\VoxEdit_WIN_latest\lib 
java_command: VoxEdit
java_class_path (initial): lib\commons-codec-1.11.jar;lib\commons-compress-1.18.jar;lib\commons-logging-1.2.jar;lib\Drop.jar;lib\ewbIK.jar;lib\httpclient-4.5.8.jar;lib\httpclient-cache-4.5.8.jar;lib\httpcore-4.4.11.jar;lib\httpmime-4.5.8.jar;lib\json-20090211.jar;lib\mixpanel-java-1.5.0.jar;lib\processing-ext.jar;lib\VoxEdit.jar;lib\core.jar;lib\jogl-all.jar;lib\gluegen-rt.jar;lib\jogl-all-natives-windows-amd64.jar;lib\gluegen-rt-natives-windows-amd64.jar
Launcher Type: SUN_STANDARD

Environment Variables:
PATH=C:\Python310\Scripts\;C:\Python310\;C:\Program Files (x86)\Common Files\Intel\Shared Libraries\redist\intel64\compiler;C:\Windows\system32;C:\Windows;C:\Windows\System32\Wbem;C:\Windows\System32\WindowsPowerShell\v1.0\;C:\Windows\System32\OpenSSH\;C:\Program Files (x86)\NVIDIA Corporation\PhysX\Common;C:\Program Files\NVIDIA Corporation\NVIDIA NvDLISR;C:\WINDOWS\system32;C:\WINDOWS;C:\WINDOWS\System32\Wbem;C:\WINDOWS\System32\WindowsPowerShell\v1.0\;C:\WINDOWS\System32\OpenSSH\;C:\Program Files\Git LFS;C:\Program Files\nodejs\;C:\ProgramData\chocolatey\bin;C:\Users\David\AppData\Local\Microsoft\WindowsApps;C:\Users\David\AppData\Local\GitHubDesktop\bin;C:\Users\David\AppData\Roaming\npm;C:\Users\David\Documents\GitHub\SOFT\VoxEdit_WIN_latest\java\bin
USERNAME=David
OS=Windows_NT
PROCESSOR_IDENTIFIER=Intel64 Family 6 Model 141 Stepping 1, GenuineIntel



---------------  S Y S T E M  ---------------

OS: Windows 10.0 , 64 bit Build 19041 (10.0.19041.1645)

CPU:total 16 (initial active 16) (8 cores per cpu, 2 threads per core) family 6 model 141 stepping 1, cmov, cx8, fxsr, mmx, sse, sse2, sse3, ssse3, sse4.1, sse4.2, popcnt, avx, avx2, aes, clmul, erms, 3dnowpref, lzcnt, ht, tsc, tscinvbit, bmi1, bmi2, adx

Memory: 4k page, physical 16509628k(3746220k free), swap 23063228k(3775804k free)

vm_info: Java HotSpot(TM) 64-Bit Server VM (25.211-b12) for windows-amd64 JRE (1.8.0_211-b12), built on Apr  1 2019 20:53:26 by "java_re" with MS VC++ 10.0 (VS2010)

time: Thu Apr 28 19:29:12 2022
timezone: Paris, Madrid (heure d’été)
elapsed time: 7 seconds (0d 0h 0m 7s)

